<?xml version="1.0" encoding="UTF-8" ?>
<testsuite failures="0" time="0.521" errors="0" skipped="0" tests="4" name="org.beijingair.model.AirDataInfoTest">
  <properties>
[...]
</properties>
  <testcase time="0.464" classname="org.beijingair.model.AirDataInfoTest" name="buildFromRawTextOKDateComma"/>
  <testcase time="0.001" classname="org.beijingair.model.AirDataInfoTest" name="buildFromRawTextOKDateNoComma"/>
  <testcase time="0.001" classname="org.beijingair.model.AirDataInfoTest" name="buildFromRawText24h"/>
  <testcase time="0" classname="org.beijingair.model.AirDataInfoTest" name="buildFromRawTextPM25NoData"/>
</testsuite>